INFO: [VRFC 10-2263] Analyzing Verilog file "C:/Users/15240/Desktop/fpga shiyan/GYRO/GYRO.srcs/sources_1/ip/blk_mem_gen_0/sim/blk_mem_gen_0.v" into library xil_defaultlib
INFO: [VRFC 10-311] analyzing module blk_mem_gen_0
INFO: [VRFC 10-2263] Analyzing Verilog file "C:/Users/15240/Desktop/fpga shiyan/GYRO/GYRO.srcs/sources_1/ip/clk_wiz_0/clk_wiz_0_clk_wiz.v" into library xil_defaultlib
INFO: [VRFC 10-311] analyzing module clk_wiz_0_clk_wiz
INFO: [VRFC 10-2263] Analyzing Verilog file "C:/Users/15240/Desktop/fpga shiyan/GYRO/GYRO.srcs/sources_1/ip/clk_wiz_0/clk_wiz_0.v" into library xil_defaultlib
INFO: [VRFC 10-311] analyzing module clk_wiz_0
INFO: [VRFC 10-2263] Analyzing Verilog file "C:/Users/15240/Desktop/NEW DEMO/SEA-master/Demos/2.IoT/Gyro2AWSloT/FPGA_Project/Clk_Division.v" into library xil_defaultlib
INFO: [VRFC 10-311] analyzing module Clk_Division
INFO: [VRFC 10-2263] Analyzing Verilog file "C:/Users/15240/Desktop/NEW DEMO/SEA-master/Demos/2.IoT/Gyro2AWSloT/FPGA_Project/Driver_Gyro.v" into library xil_defaultlib
INFO: [VRFC 10-311] analyzing module Driver_Gyro
INFO: [VRFC 10-2263] Analyzing Verilog file "C:/Users/15240/Desktop/NEW DEMO/SEA-master/Demos/2.IoT/Gyro2AWSloT/FPGA_Project/Driver_IIC.v" into library xil_defaultlib
INFO: [VRFC 10-311] analyzing module Driver_IIC
INFO: [VRFC 10-2263] Analyzing Verilog file "C:/Users/15240/Desktop/NEW DEMO/SEA-master/Demos/2.IoT/Gyro2AWSloT/FPGA_Project/Gyro2ram.v" into library xil_defaultlib
INFO: [VRFC 10-311] analyzing module Gyro2ram
INFO: [VRFC 10-2263] Analyzing Verilog file "C:/Users/15240/Desktop/NEW DEMO/SEA-master/Demos/2.IoT/Gyro2AWSloT/FPGA_Project/qspi_slave.v" into library xil_defaultlib
INFO: [VRFC 10-311] analyzing module qspi_slave
INFO: [VRFC 10-2263] Analyzing Verilog file "C:/Users/15240/Desktop/NEW DEMO/SEA-master/Demos/2.IoT/Gyro2AWSloT/FPGA_Project/Gyro_Demo.v" into library xil_defaultlib
INFO: [VRFC 10-311] analyzing module Gyro_Demo
INFO: [VRFC 10-2263] Analyzing Verilog file "C:/Users/15240/Desktop/fpga shiyan/GYRO/GYRO.sim/sim_1/behav/xsim/glbl.v" into library xil_defaultlib
INFO: [VRFC 10-311] analyzing module glbl
